[0m18:26:26.107848 [debug] [MainThread]: Sending event: {'category': 'dbt', 'action': 'invocation', 'label': 'start', 'context': [<snowplow_tracker.self_describing_json.SelfDescribingJson object at 0x0000024191D788B0>, <snowplow_tracker.self_describing_json.SelfDescribingJson object at 0x0000024193CD3C10>, <snowplow_tracker.self_describing_json.SelfDescribingJson object at 0x0000024193CD3E80>]}


============================== 18:26:26.116456 | 6dea7db0-f65d-48e4-a193-c90ad0b7c730 ==============================
[0m18:26:26.116456 [info ] [MainThread]: Running with dbt=1.11.10
[0m18:26:26.116456 [debug] [MainThread]: running dbt with arguments {'static_parser': 'True', 'no_print': 'None', 'version_check': 'True', 'warn_error_options': 'WarnErrorOptionsV2(error=[], warn=[], silence=[])', 'target_path': 'None', 'printer_width': '80', 'write_json': 'True', 'introspect': 'True', 'log_cache_events': 'False', 'empty': 'None', 'cache_selected_only': 'False', 'fail_fast': 'False', 'debug': 'False', 'log_format': 'default', 'partial_parse': 'True', 'send_anonymous_usage_stats': 'True', 'quiet': 'False', 'warn_error': 'None', 'profiles_dir': 'C:\\Users\\anjan\\.dbt', 'invocation_command': 'dbt init dbt_reachout', 'use_colors': 'True', 'indirect_selection': 'eager', 'use_experimental_parser': 'False', 'log_path': 'logs'}
[0m18:26:26.177547 [debug] [MainThread]: Starter project path: C:\Users\anjan\reachout-ai\venv\lib\site-packages\dbt\include\starter_project
[0m18:26:26.338722 [info ] [MainThread]: 
Your new dbt project "dbt_reachout" was created!

For more information on how to configure the profiles.yml file,
please consult the dbt documentation here:

  https://docs.getdbt.com/docs/configure-your-profile

One more thing:

Need help? Don't hesitate to reach out to us via GitHub issues or on Slack:

  https://community.getdbt.com/

Happy modeling!

[0m18:26:26.341900 [info ] [MainThread]: Setting up your profile.
[0m18:28:27.966188 [info ] [MainThread]: Profile dbt_reachout written to C:\Users\anjan\.dbt\profiles.yml using target's profile_template.yml and your supplied values. Run 'dbt debug' to validate the connection.
[0m18:28:28.048690 [debug] [MainThread]: Command `dbt init` succeeded at 18:28:28.048690 after 122.11 seconds
[0m18:28:28.059967 [debug] [MainThread]: Sending event: {'category': 'dbt', 'action': 'invocation', 'label': 'end', 'context': [<snowplow_tracker.self_describing_json.SelfDescribingJson object at 0x0000024191D788B0>, <snowplow_tracker.self_describing_json.SelfDescribingJson object at 0x0000024193CD3E50>, <snowplow_tracker.self_describing_json.SelfDescribingJson object at 0x00000241A4E89CF0>]}
[0m18:28:28.066872 [debug] [MainThread]: Flushing usage events
[0m18:28:29.032472 [debug] [MainThread]: An error was encountered while trying to flush usage events
